1718993024427	geckodriver	INFO	Listening on 127.0.0.1:61262
1718993058236	mozrunner::runner	INFO	Running command: "C:/Program Files/Mozilla Firefox/firefox.exe" "--marionette" "--remote-debugging-port" "61263" "--remote-allow-hosts" "localhost" "-no-remote" "-profile" "C:\\Users\\menon\\AppData\\Local\\Temp\\rust_mozprofilezL7nmd"
1718993059083	Marionette	INFO	Marionette enabled
DevTools listening on ws://localhost:61263/devtools/browser/8a670ace-0c94-41ee-ab17-b5411e66e5f6
console.error: PushService: 
  backgroundUnregister: Error notifying server
  Message: Error: Request aborted
  Stack:
    _cancelPendingRequests@resource://gre/modules/PushServiceWebSocket.jsm:1228:22
_shutdownWS@resource://gre/modules/PushServiceWebSocket.jsm:376:12
disconnect@resource://gre/modules/PushServiceWebSocket.jsm:148:10
_changeStateConnectionEnabledEvent@resource://gre/modules/PushService.jsm:308:21
observe/<@resource://gre/modules/PushService.jsm:358:18

1718993061660	Marionette	INFO	Listening on port 61691

###!!! [Parent][RunMessage] Error: Channel closing: too late to send/recv, messages will be lost

1718993061955	RemoteAgent	WARN	TLS certificate errors will be ignored for this session
JavaScript warning: https://intranethome.itaipu/drupal/sites/intranethome.itaipu/themes/intranet/js/jquery-1.3.1.min.js, line 19: unreachable code after return statement
JavaScript error: resource://gre/modules/ConduitsChild.jsm, line 108: Error: sendRemoveListener on closed conduit {0b457cAA-602d-484a-8fe7-c1d894a011ba}.274877906946
JavaScript warning: https://intranet.itaipu/script/headerIntranet/js/jquery.js, line 19: unreachable code after return statement
JavaScript error: resource://gre/modules/ExtensionContent.jsm, line 490: TypeError: window is null
JavaScript error: resource://gre/modules/XULStore.jsm, line 66: Error: Can't find profile directory.
JavaScript error: resource://gre/modules/XULStore.jsm, line 66: Error: Can't find profile directory.
1718993127948	Marionette	INFO	Stopped listening on port 61691
JavaScript error: resource://gre/modules/ConduitsChild.jsm, line 108: Error: sendRemoveListener on closed conduit {0b457cAA-602d-484a-8fe7-c1d894a011ba}.274877907115
JavaScript error: resource:///modules/Interactions.jsm, line 209: NS_ERROR_FAILURE: Component returned failure code: 0x80004005 (NS_ERROR_FAILURE) [nsIUserIdleService.removeIdleObserver]
!!! error running onStopped callback: TypeError: callback is not a function
1718993128656	RemoteAgent	ERROR	unable to stop listener: [Exception... "Component returned failure code: 0x8000ffff (NS_ERROR_UNEXPECTED) [nsIWindowMediator.getEnumerator]"  nsresult: "0x8000ffff (NS_ERROR_UNEXPECTED)"  location: "JS frame :: chrome://remote/content/cdp/observers/TargetObserver.jsm :: stop :: line 64"  data: no] Stack trace: stop()@TargetObserver.jsm:64
unwatchForTabs()@TargetList.jsm:70
unwatchForTargets()@TargetList.jsm:37
destructor()@TargetList.jsm:109
stop()@CDP.jsm:104
close()@RemoteAgent.jsm:138
1718993845918	geckodriver	INFO	Listening on 127.0.0.1:56521
1718993878723	mozrunner::runner	INFO	Running command: "C:/Program Files/Mozilla Firefox/firefox.exe" "--marionette" "--remote-debugging-port" "56522" "--remote-allow-hosts" "localhost" "-no-remote" "-profile" "C:\\Users\\menon\\AppData\\Local\\Temp\\rust_mozprofileP8TDof"
1718993879728	Marionette	INFO	Marionette enabled
DevTools listening on ws://localhost:56522/devtools/browser/24fe8f14-4b54-4287-b286-5ad46aeb23b5
console.error: PushService: 
  backgroundUnregister: Error notifying server
  Message: Error: Request aborted
  Stack:
    _cancelPendingRequests@resource://gre/modules/PushServiceWebSocket.jsm:1228:22
_shutdownWS@resource://gre/modules/PushServiceWebSocket.jsm:376:12
disconnect@resource://gre/modules/PushServiceWebSocket.jsm:148:10
_changeStateConnectionEnabledEvent@resource://gre/modules/PushService.jsm:308:21
observe/<@resource://gre/modules/PushService.jsm:358:18

1718993882476	Marionette	INFO	Listening on port 56960
1718993883014	RemoteAgent	WARN	TLS certificate errors will be ignored for this session
JavaScript warning: https://intranethome.itaipu/drupal/sites/intranethome.itaipu/themes/intranet/js/jquery-1.3.1.min.js, line 19: unreachable code after return statement
JavaScript error: resource://gre/modules/ConduitsChild.jsm, line 108: Error: sendRemoveListener on closed conduit {0b457cAA-602d-484a-8fe7-c1d894a011ba}.274877906946
JavaScript warning: https://intranet.itaipu/script/headerIntranet/js/jquery.js, line 19: unreachable code after return statement
JavaScript error: resource://gre/modules/XULStore.jsm, line 66: Error: Can't find profile directory.
JavaScript error: resource://gre/modules/XULStore.jsm, line 66: Error: Can't find profile directory.
1718993938400	Marionette	INFO	Stopped listening on port 56960
JavaScript error: resource://gre/modules/ConduitsChild.jsm, line 108: Error: sendRemoveListener on closed conduit {0b457cAA-602d-484a-8fe7-c1d894a011ba}.274877907115
JavaScript error: resource:///modules/Interactions.jsm, line 209: NS_ERROR_FAILURE: Component returned failure code: 0x80004005 (NS_ERROR_FAILURE) [nsIUserIdleService.removeIdleObserver]
!!! error running onStopped callback: TypeError: callback is not a function
1718993939136	RemoteAgent	ERROR	unable to stop listener: [Exception... "Component returned failure code: 0x8000ffff (NS_ERROR_UNEXPECTED) [nsIWindowMediator.getEnumerator]"  nsresult: "0x8000ffff (NS_ERROR_UNEXPECTED)"  location: "JS frame :: chrome://remote/content/cdp/observers/TargetObserver.jsm :: stop :: line 64"  data: no] Stack trace: stop()@TargetObserver.jsm:64
unwatchForTabs()@TargetList.jsm:70
unwatchForTargets()@TargetList.jsm:37
destructor()@TargetList.jsm:109
stop()@CDP.jsm:104
close()@RemoteAgent.jsm:138
1718994423517	geckodriver	INFO	Listening on 127.0.0.1:64478
1718994457152	mozrunner::runner	INFO	Running command: "C:/Program Files/Mozilla Firefox/firefox.exe" "--marionette" "--remote-debugging-port" "64479" "--remote-allow-hosts" "localhost" "-no-remote" "-profile" "C:\\Users\\menon\\AppData\\Local\\Temp\\rust_mozprofileWpFHks"
1718994457758	Marionette	INFO	Marionette enabled
DevTools listening on ws://localhost:64479/devtools/browser/6106a309-9bde-4116-b368-5ea089858b22
console.error: PushService: 
  backgroundUnregister: Error notifying server
  Message: Error: Request aborted
  Stack:
    _cancelPendingRequests@resource://gre/modules/PushServiceWebSocket.jsm:1228:22
_shutdownWS@resource://gre/modules/PushServiceWebSocket.jsm:376:12
disconnect@resource://gre/modules/PushServiceWebSocket.jsm:148:10
_changeStateConnectionEnabledEvent@resource://gre/modules/PushService.jsm:308:21
observe/<@resource://gre/modules/PushService.jsm:358:18

1718994459831	Marionette	INFO	Listening on port 64927
1718994460373	RemoteAgent	WARN	TLS certificate errors will be ignored for this session
JavaScript warning: https://intranethome.itaipu/drupal/sites/intranethome.itaipu/themes/intranet/js/jquery-1.3.1.min.js, line 19: unreachable code after return statement
JavaScript error: resource://gre/modules/ConduitsChild.jsm, line 108: Error: sendRemoveListener on closed conduit {0b457cAA-602d-484a-8fe7-c1d894a011ba}.274877906946
JavaScript warning: https://intranet.itaipu/script/headerIntranet/js/jquery.js, line 19: unreachable code after return statement
JavaScript error: resource://gre/modules/XULStore.jsm, line 66: Error: Can't find profile directory.
JavaScript error: resource://gre/modules/XULStore.jsm, line 66: Error: Can't find profile directory.
JavaScript error: resource://gre/modules/ConduitsChild.jsm, line 108: Error: sendRemoveListener on closed conduit {0b457cAA-602d-484a-8fe7-c1d894a011ba}.274877907115
1718994873347	Marionette	INFO	Stopped listening on port 64927
JavaScript error: resource:///modules/Interactions.jsm, line 209: NS_ERROR_FAILURE: Component returned failure code: 0x80004005 (NS_ERROR_FAILURE) [nsIUserIdleService.removeIdleObserver]
!!! error running onStopped callback: TypeError: callback is not a function

###!!! [Parent][RunMessage] Error: Channel closing: too late to send/recv, messages will be lost

1718994873755	RemoteAgent	ERROR	unable to stop listener: [Exception... "Component returned failure code: 0x8000ffff (NS_ERROR_UNEXPECTED) [nsIWindowMediator.getEnumerator]"  nsresult: "0x8000ffff (NS_ERROR_UNEXPECTED)"  location: "JS frame :: chrome://remote/content/cdp/observers/TargetObserver.jsm :: stop :: line 64"  data: no] Stack trace: stop()@TargetObserver.jsm:64
unwatchForTabs()@TargetList.jsm:70
unwatchForTargets()@TargetList.jsm:37
destructor()@TargetList.jsm:109
stop()@CDP.jsm:104
close()@RemoteAgent.jsm:138
1718995864355	geckodriver	INFO	Listening on 127.0.0.1:51776
1718995895374	mozrunner::runner	INFO	Running command: "C:/Program Files/Mozilla Firefox/firefox.exe" "--marionette" "--remote-debugging-port" "51777" "--remote-allow-hosts" "localhost" "-no-remote" "-profile" "C:\\Users\\menon\\AppData\\Local\\Temp\\rust_mozprofileVSsq7o"
1718995895910	Marionette	INFO	Marionette enabled
DevTools listening on ws://localhost:51777/devtools/browser/acd07509-452c-452d-88dc-5d55ec21563e
console.error: PushService: 
  backgroundUnregister: Error notifying server
  Message: Error: Request aborted
  Stack:
    _cancelPendingRequests@resource://gre/modules/PushServiceWebSocket.jsm:1228:22
_shutdownWS@resource://gre/modules/PushServiceWebSocket.jsm:376:12
disconnect@resource://gre/modules/PushServiceWebSocket.jsm:148:10
_changeStateConnectionEnabledEvent@resource://gre/modules/PushService.jsm:308:21
observe/<@resource://gre/modules/PushService.jsm:358:18

1718995898168	Marionette	INFO	Listening on port 52199

###!!! [Parent][MessageChannel] Error: (msgtype=0x220005,name=PBroadcastChannel::Msg___delete__) Channel closing: too late to send/recv, messages will be lost

1718995898535	RemoteAgent	WARN	TLS certificate errors will be ignored for this session
JavaScript warning: https://intranethome.itaipu/drupal/sites/intranethome.itaipu/themes/intranet/js/jquery-1.3.1.min.js, line 19: unreachable code after return statement
JavaScript warning: https://intranet.itaipu/script/headerIntranet/js/jquery.js, line 19: unreachable code after return statement
JavaScript error: resource://gre/modules/ConduitsChild.jsm, line 108: Error: sendRemoveListener on closed conduit {0b457cAA-602d-484a-8fe7-c1d894a011ba}.274877906946
JavaScript error: resource://gre/modules/XULStore.jsm, line 66: Error: Can't find profile directory.
JavaScript error: resource://gre/modules/XULStore.jsm, line 66: Error: Can't find profile directory.
1718996420766	geckodriver	INFO	Listening on 127.0.0.1:60285
1718996423720	mozrunner::runner	INFO	Running command: "C:/Program Files/Mozilla Firefox/firefox.exe" "--marionette" "--remote-debugging-port" "60286" "--remote-allow-hosts" "localhost" "-no-remote" "-profile" "C:\\Users\\menon\\AppData\\Local\\Temp\\rust_mozprofile5OqN3q"
JavaScript error: resource:///modules/policies/Policies.jsm, line 1717: NS_ERROR_ILLEGAL_VALUE: Component returned failure code: 0x80070057 (NS_ERROR_ILLEGAL_VALUE) [mozILocaleService.requestedLocales]
1718996424307	Marionette	INFO	Marionette enabled
console.warn: SearchSettings: "get: No settings file exists, new profile?" (new NotFoundError("Could not open the file at C:\\Users\\menon\\AppData\\Local\\Temp\\rust_mozprofile5OqN3q\\search.json.mozlz4", (void 0)))
DevTools listening on ws://localhost:60286/devtools/browser/03c04dc5-f736-4773-bca9-d0461ffae8a7
1718996426344	Marionette	INFO	Listening on port 60328
1718996426398	RemoteAgent	WARN	TLS certificate errors will be ignored for this session
JavaScript error: resource://gre/actors/AutoCompleteChild.jsm, line 125: Error: Invalid autocomplete selectedIndex
JavaScript error: resource://gre/actors/AutoCompleteChild.jsm, line 125: Error: Invalid autocomplete selectedIndex
JavaScript error: resource://gre/modules/LoginManagerChild.jsm, line 194: NS_ERROR_XPC_JAVASCRIPT_ERROR_WITH_DETAILS: [JavaScript Error: "Invalid autocomplete selectedIndex" {file: "resource://gre/actors/AutoCompleteChild.jsm" line: 125}]'[JavaScript Error: "Invalid autocomplete selectedIndex" {file: "resource://gre/actors/AutoCompleteChild.jsm" line: 125}]' when calling method: [nsIAutoCompletePopup::selectedIndex]
JavaScript error: resource://gre/modules/XULStore.jsm, line 66: Error: Can't find profile directory.
JavaScript error: resource://gre/modules/XULStore.jsm, line 66: Error: Can't find profile directory.
JavaScript error: resource://gre/modules/XULStore.jsm, line 66: Error: Can't find profile directory.
JavaScript error: resource://gre/modules/XULStore.jsm, line 66: Error: Can't find profile directory.
JavaScript error: resource://gre/modules/XULStore.jsm, line 66: Error: Can't find profile directory.
JavaScript error: resource://gre/modules/XULStore.jsm, line 66: Error: Can't find profile directory.
JavaScript error: resource://gre/modules/XULStore.jsm, line 66: Error: Can't find profile directory.
JavaScript error: resource://gre/modules/XULStore.jsm, line 66: Error: Can't find profile directory.
JavaScript error: resource://gre/modules/XULStore.jsm, line 66: Error: Can't find profile directory.
JavaScript error: resource://gre/modules/XULStore.jsm, line 66: Error: Can't find profile directory.
[GFX1-]: Unrecognized feature VIDEO_OVERLAY
JavaScript error: resource://gre/modules/XULStore.jsm, line 66: Error: Can't find profile directory.
JavaScript error: resource://gre/modules/XULStore.jsm, line 66: Error: Can't find profile directory.
JavaScript error: resource://gre/modules/XULStore.jsm, line 66: Error: Can't find profile directory.
JavaScript error: resource://gre/modules/XULStore.jsm, line 66: Error: Can't find profile directory.
1718997217497	Marionette	INFO	Stopped listening on port 60328
JavaScript error: resource:///modules/Interactions.jsm, line 209: NS_ERROR_FAILURE: Component returned failure code: 0x80004005 (NS_ERROR_FAILURE) [nsIUserIdleService.removeIdleObserver]
!!! error running onStopped callback: TypeError: callback is not a function

###!!! [Parent][RunMessage] Error: Channel closing: too late to send/recv, messages will be lost

1718997218122	RemoteAgent	ERROR	unable to stop listener: [Exception... "Component returned failure code: 0x8000ffff (NS_ERROR_UNEXPECTED) [nsIWindowMediator.getEnumerator]"  nsresult: "0x8000ffff (NS_ERROR_UNEXPECTED)"  location: "JS frame :: chrome://remote/content/cdp/observers/TargetObserver.jsm :: stop :: line 64"  data: no] Stack trace: stop()@TargetObserver.jsm:64
unwatchForTabs()@TargetList.jsm:70
unwatchForTargets()@TargetList.jsm:37
destructor()@TargetList.jsm:109
stop()@CDP.jsm:104
close()@RemoteAgent.jsm:138
